1665726031	themes/zh-tw/assets/js/plugins/../common.js
1643341464	themes/zh-tw/assets/js/plugins/../du-core.js
1643341462	themes/zh-tw/assets/js/plugins/jQuery/jquery.bridget.js
1643341463	themes/zh-tw/assets/js/plugins/RequireJS/async.js
1643341463	themes/zh-tw/assets/js/plugins/RequireJS/font.js
1643341463	themes/zh-tw/assets/js/plugins/RequireJS/goog.js
1643341463	themes/zh-tw/assets/js/plugins/RequireJS/propertyParser.js
1643341463	themes/zh-tw/assets/js/plugins/RequireJS/image.js
1643341463	themes/zh-tw/assets/js/plugins/RequireJS/json.js
1643341463	themes/zh-tw/assets/js/plugins/RequireJS/noext.js
1643341463	themes/zh-tw/assets/js/plugins/RequireJS/mdown.js
1643341554	assets/js/plugins/../angular-config.js
1643341554	assets/js/plugins/../angular-bootstrap.js
1643341554	assets/js/plugins/../angular-directives.js
1643341554	assets/js/plugins/../du-admin/core.js
1643341554	assets/js/plugins/../listtable.js
1643341554	assets/js/plugins/../editor.js
1643341554	assets/js/plugins/../picture.js
1643341554	assets/js/plugins/../selectzone.js
1643341554	assets/js/plugins/../region.js
1643341554	assets/js/plugins/../common.js
1643307321	assets/js/plugins/PHPJS/base64_decode.js
1643307321	assets/js/plugins/PHPJS/base64_encode.js
1643307323	assets/js/plugins/RequireJS/async.js
1643307323	assets/js/plugins/RequireJS/goog.js
1643307323	assets/js/plugins/RequireJS/propertyParser.js
1643341554	assets/js/plugins/../controllers/action_priv.js
1643341554	assets/js/plugins/../controllers/admin_logs.js
1643341554	assets/js/plugins/../controllers/admin_role.js
1643341555	assets/js/plugins/../controllers/bulletin.js
1643341554	assets/js/plugins/../controllers/bulletin_cat.js
1643341555	assets/js/plugins/../controllers/case.js
1643341555	assets/js/plugins/../controllers/case_cat.js
1643341555	assets/js/plugins/../controllers/course.js
1643341555	assets/js/plugins/../controllers/course_cat.js
1643341554	assets/js/plugins/../controllers/database.js
1643341554	assets/js/plugins/../controllers/email_queue.js
1643341554	assets/js/plugins/../controllers/file_check.js
1643341554	assets/js/plugins/../controllers/file_priv.js
1643341554	assets/js/plugins/../controllers/flow_stats.js
1643341555	assets/js/plugins/../controllers/friend_link.js
1643341554	assets/js/plugins/../controllers/mail_template.js
1643341554	assets/js/plugins/../controllers/privilege.js
1643341554	assets/js/plugins/../controllers/question.js
1643341554	assets/js/plugins/../controllers/question_cat.js
1643341554	assets/js/plugins/../controllers/searchengine_stats.js
1643341554	assets/js/plugins/../controllers/settings.js
1643341554	assets/js/plugins/../controllers/sql.js
1643341554	assets/js/plugins/../controllers/sys_log.js
1643341554	assets/js/plugins/../controllers/tags.js
1643341555	assets/js/plugins/../controllers/team.js
1643341554	assets/js/plugins/../controllers/web_template.js
1643307321	assets/js/plugins/require.js
1645680048	assets/js/plugins/../controllers/carousel_banner.js
1647593295	assets/js/plugins/../controllers/song.js
1660533241	assets/js/plugins/../controllers/book.js
1646359755	assets/js/plugins/../controllers/composer.js
1643307331	assets/js/plugins/../list-table.js
1643307331	assets/js/plugins/../div-option.js
1647567550	assets/js/plugins/../controllers/minstrel.js
1653357264	assets/js/plugins/../controllers/focus.js